Car plate: 1406 
 Date: 2012-02-13 12:35:00 	 Week day: Monday  
 This Car can drive around 
 ----------------------------------------------------------------- 

Car plate: 3481 
 Date: 2007-07-19 04:38:00 	 Week day: Thursday  
 This Car can drive around 
 ----------------------------------------------------------------- 

Car plate: 6992 
 Date: 2007-08-27 07:41:00 	 Week day: Monday  
 This Car cannot drive around 
 ----------------------------------------------------------------- 

Car plate: 7369 
 Date: 2002-09-08 22:46:00 	 Week day: Sunday  
 This Car can drive around 
 ----------------------------------------------------------------- 

Car plate: 5770 
 Date: 2013-05-11 04:16:00 	 Week day: Saturday  
 This Car can drive around 
 ----------------------------------------------------------------- 

Car plate: 154 
 Date: 2007-10-06 16:56:00 	 Week day: Saturday  
 This Car can drive around 
 ----------------------------------------------------------------- 

Car plate: 6020 
 Date: 2010-04-13 09:44:00 	 Week day: Tuesday  
 This Car can drive around 
 ----------------------------------------------------------------- 

Car plate: 7452 
 Date: 2002-08-29 10:35:00 	 Week day: Thursday  
 This Car can drive around 
 ----------------------------------------------------------------- 

Car plate: 6352 
 Date: 2011-01-29 11:48:00 	 Week day: Saturday  
 This Car can drive around 
 ----------------------------------------------------------------- 

Car plate: 2870 
 Date: 2010-01-10 01:03:00 	 Week day: Sunday  
 This Car can drive around 
 ----------------------------------------------------------------- 

Car plate: 3666 
 Date: 2012-08-27 02:04:00 	 Week day: Monday  
 This Car can drive around 
 ----------------------------------------------------------------- 

Car plate: 3636 
 Date: 2002-10-18 15:09:00 	 Week day: Friday  
 This Car can drive around 
 ----------------------------------------------------------------- 

Car plate: 711 
 Date: 2012-04-07 15:12:00 	 Week day: Saturday  
 This Car can drive around 
 ----------------------------------------------------------------- 

Car plate: 9896 
 Date: 2018-03-07 21:36:00 	 Week day: Wednesday  
 This Car can drive around 
 ----------------------------------------------------------------- 

Car plate: 8497 
 Date: 2002-06-08 04:34:00 	 Week day: Saturday  
 This Car can drive around 
 ----------------------------------------------------------------- 

Car plate: 5617 
 Date: 2000-02-21 01:38:00 	 Week day: Monday  
 This Car can drive around 
 ----------------------------------------------------------------- 

Car plate: 9606 
 Date: 2002-09-10 17:53:00 	 Week day: Tuesday  
 This Car can drive around 
 ----------------------------------------------------------------- 

Car plate: 9880 
 Date: 2001-09-02 23:51:00 	 Week day: Sunday  
 This Car can drive around 
 ----------------------------------------------------------------- 

Car plate: 2557 
 Date: 2004-12-02 15:14:00 	 Week day: Thursday  
 This Car can drive around 
 ----------------------------------------------------------------- 

Car plate: 9859 
 Date: 2007-10-12 16:10:00 	 Week day: Friday  
 This Car cannot drive around 
 ----------------------------------------------------------------- 

Car plate: 7144 
 Date: 2005-10-16 12:16:00 	 Week day: Sunday  
 This Car can drive around 
 ----------------------------------------------------------------- 

Car plate: 4856 
 Date: 2015-06-10 23:52:00 	 Week day: Wednesday  
 This Car can drive around 
 ----------------------------------------------------------------- 

Car plate: 8181 
 Date: 2009-07-29 09:06:00 	 Week day: Wednesday  
 This Car can drive around 
 ----------------------------------------------------------------- 

Car plate: 4626 
 Date: 2014-05-16 21:56:00 	 Week day: Friday  
 This Car can drive around 
 ----------------------------------------------------------------- 

Car plate: 728 
 Date: 2019-01-16 08:57:00 	 Week day: Wednesday  
 This Car can drive around 
 ----------------------------------------------------------------- 

Car plate: 1251 
 Date: 2002-05-15 01:25:00 	 Week day: Wednesday  
 This Car can drive around 
 ----------------------------------------------------------------- 

Car plate: 3709 
 Date: 2001-03-22 04:47:00 	 Week day: Thursday  
 This Car can drive around 
 ----------------------------------------------------------------- 

Car plate: 3010 
 Date: 2016-09-05 08:33:00 	 Week day: Monday  
 This Car can drive around 
 ----------------------------------------------------------------- 

Car plate: 7140 
 Date: 2019-05-25 05:03:00 	 Week day: Saturday  
 This Car can drive around 
 ----------------------------------------------------------------- 

Car plate: 1900 
 Date: 2017-11-22 10:12:00 	 Week day: Wednesday  
 This Car can drive around 
 ----------------------------------------------------------------- 

Car plate: 3301 
 Date: 2016-01-22 14:17:00 	 Week day: Friday  
 This Car can drive around 
 ----------------------------------------------------------------- 

Car plate: 8272 
 Date: 2001-07-25 17:32:00 	 Week day: Wednesday  
 This Car can drive around 
 ----------------------------------------------------------------- 

Car plate: 5842 
 Date: 2019-09-02 19:57:00 	 Week day: Monday  
 This Car can drive around 
 ----------------------------------------------------------------- 

Car plate: 9190 
 Date: 2008-03-21 05:58:00 	 Week day: Friday  
 This Car can drive around 
 ----------------------------------------------------------------- 

Car plate: 5918 
 Date: 2014-11-05 06:44:00 	 Week day: Wednesday  
 This Car can drive around 
 ----------------------------------------------------------------- 

Car plate: 2364 
 Date: 2012-10-12 09:03:00 	 Week day: Friday  
 This Car can drive around 
 ----------------------------------------------------------------- 

Car plate: 300 
 Date: 2017-07-10 12:41:00 	 Week day: Monday  
 This Car can drive around 
 ----------------------------------------------------------------- 

Car plate: 9334 
 Date: 2014-11-18 04:34:00 	 Week day: Tuesday  
 This Car can drive around 
 ----------------------------------------------------------------- 

Car plate: 1539 
 Date: 2011-10-09 21:52:00 	 Week day: Sunday  
 This Car can drive around 
 ----------------------------------------------------------------- 

Car plate: 1859 
 Date: 2010-02-26 15:30:00 	 Week day: Friday  
 This Car can drive around 
 ----------------------------------------------------------------- 

Car plate: 5313 
 Date: 2018-07-12 08:31:00 	 Week day: Thursday  
 This Car can drive around 
 ----------------------------------------------------------------- 

Car plate: 8694 
 Date: 2009-10-19 15:04:00 	 Week day: Monday  
 This Car can drive around 
 ----------------------------------------------------------------- 

Car plate: 560 
 Date: 2012-03-23 03:52:00 	 Week day: Friday  
 This Car can drive around 
 ----------------------------------------------------------------- 

Car plate: 5751 
 Date: 2011-05-31 11:16:00 	 Week day: Tuesday  
 This Car can drive around 
 ----------------------------------------------------------------- 

Car plate: 6152 
 Date: 2010-02-23 07:35:00 	 Week day: Tuesday  
 This Car can drive around 
 ----------------------------------------------------------------- 

Car plate: 7542 
 Date: 2005-09-07 18:45:00 	 Week day: Wednesday  
 This Car can drive around 
 ----------------------------------------------------------------- 

Car plate: 9734 
 Date: 2003-04-11 10:23:00 	 Week day: Friday  
 This Car can drive around 
 ----------------------------------------------------------------- 

Car plate: 9800 
 Date: 2003-03-02 20:50:00 	 Week day: Sunday  
 This Car can drive around 
 ----------------------------------------------------------------- 

Car plate: 9328 
 Date: 2007-03-23 03:25:00 	 Week day: Friday  
 This Car can drive around 
 ----------------------------------------------------------------- 

Car plate: 9703 
 Date: 2020-02-05 01:37:00 	 Week day: Wednesday  
 This Car can drive around 
 ----------------------------------------------------------------- 

Car plate: 9979 
 Date: 2007-03-10 08:00:00 	 Week day: Saturday  
 This Car can drive around 
 ----------------------------------------------------------------- 

Car plate: 3823 
 Date: 2013-10-15 21:32:00 	 Week day: Tuesday  
 This Car can drive around 
 ----------------------------------------------------------------- 

Car plate: 3815 
 Date: 2002-06-05 06:40:00 	 Week day: Wednesday  
 This Car can drive around 
 ----------------------------------------------------------------- 

Car plate: 6881 
 Date: 2005-11-04 18:57:00 	 Week day: Friday  
 This Car can drive around 
 ----------------------------------------------------------------- 

Car plate: 9455 
 Date: 2014-07-24 22:27:00 	 Week day: Thursday  
 This Car can drive around 
 ----------------------------------------------------------------- 

Car plate: 9725 
 Date: 2008-02-18 13:34:00 	 Week day: Monday  
 This Car can drive around 
 ----------------------------------------------------------------- 

Car plate: 6031 
 Date: 2009-06-07 11:39:00 	 Week day: Sunday  
 This Car can drive around 
 ----------------------------------------------------------------- 

Car plate: 8699 
 Date: 2004-02-07 01:12:00 	 Week day: Saturday  
 This Car can drive around 
 ----------------------------------------------------------------- 

Car plate: 3723 
 Date: 2017-07-19 22:30:00 	 Week day: Wednesday  
 This Car can drive around 
 ----------------------------------------------------------------- 

Car plate: 2022 
 Date: 2011-01-11 12:49:00 	 Week day: Tuesday  
 This Car can drive around 
 ----------------------------------------------------------------- 

Car plate: 9171 
 Date: 2010-10-28 18:17:00 	 Week day: Thursday  
 This Car can drive around 
 ----------------------------------------------------------------- 

Car plate: 126 
 Date: 2007-10-21 22:44:00 	 Week day: Sunday  
 This Car can drive around 
 ----------------------------------------------------------------- 

Car plate: 1760 
 Date: 2000-10-29 22:26:00 	 Week day: Sunday  
 This Car can drive around 
 ----------------------------------------------------------------- 

Car plate: 1680 
 Date: 2007-12-10 09:10:00 	 Week day: Monday  
 This Car can drive around 
 ----------------------------------------------------------------- 

Car plate: 1489 
 Date: 2002-06-30 17:31:00 	 Week day: Sunday  
 This Car can drive around 
 ----------------------------------------------------------------- 

Car plate: 1513 
 Date: 2011-04-10 03:50:00 	 Week day: Sunday  
 This Car can drive around 
 ----------------------------------------------------------------- 

Car plate: 2493 
 Date: 2015-01-31 22:54:00 	 Week day: Saturday  
 This Car can drive around 
 ----------------------------------------------------------------- 

Car plate: 4325 
 Date: 2005-02-16 00:14:00 	 Week day: Wednesday  
 This Car can drive around 
 ----------------------------------------------------------------- 

Car plate: 5520 
 Date: 2014-05-04 17:12:00 	 Week day: Sunday  
 This Car can drive around 
 ----------------------------------------------------------------- 

Car plate: 7821 
 Date: 2017-08-26 22:32:00 	 Week day: Saturday  
 This Car can drive around 
 ----------------------------------------------------------------- 

Car plate: 3120 
 Date: 2002-06-03 18:14:00 	 Week day: Monday  
 This Car can drive around 
 ----------------------------------------------------------------- 

Car plate: 4083 
 Date: 2009-01-28 09:21:00 	 Week day: Wednesday  
 This Car can drive around 
 ----------------------------------------------------------------- 

Car plate: 3671 
 Date: 2015-05-01 10:26:00 	 Week day: Friday  
 This Car can drive around 
 ----------------------------------------------------------------- 

Car plate: 4866 
 Date: 2019-10-22 22:03:00 	 Week day: Tuesday  
 This Car can drive around 
 ----------------------------------------------------------------- 

Car plate: 8920 
 Date: 2015-04-14 08:10:00 	 Week day: Tuesday  
 This Car can drive around 
 ----------------------------------------------------------------- 

Car plate: 2857 
 Date: 2012-10-19 00:28:00 	 Week day: Friday  
 This Car can drive around 
 ----------------------------------------------------------------- 

Car plate: 3512 
 Date: 2013-09-29 23:19:00 	 Week day: Sunday  
 This Car can drive around 
 ----------------------------------------------------------------- 

Car plate: 4298 
 Date: 2012-05-10 15:06:00 	 Week day: Thursday  
 This Car can drive around 
 ----------------------------------------------------------------- 

Car plate: 286 
 Date: 2013-07-16 05:32:00 	 Week day: Tuesday  
 This Car can drive around 
 ----------------------------------------------------------------- 

Car plate: 4362 
 Date: 2016-03-14 12:29:00 	 Week day: Monday  
 This Car can drive around 
 ----------------------------------------------------------------- 

Car plate: 4924 
 Date: 2014-05-17 07:29:00 	 Week day: Saturday  
 This Car can drive around 
 ----------------------------------------------------------------- 

Car plate: 5866 
 Date: 2017-12-28 10:33:00 	 Week day: Thursday  
 This Car can drive around 
 ----------------------------------------------------------------- 

Car plate: 8090 
 Date: 2002-10-11 08:42:00 	 Week day: Friday  
 This Car cannot drive around 
 ----------------------------------------------------------------- 

Car plate: 3050 
 Date: 2014-04-12 14:07:00 	 Week day: Saturday  
 This Car can drive around 
 ----------------------------------------------------------------- 

Car plate: 9013 
 Date: 2019-10-14 19:26:00 	 Week day: Monday  
 This Car can drive around 
 ----------------------------------------------------------------- 

Car plate: 4088 
 Date: 2008-10-07 21:00:00 	 Week day: Tuesday  
 This Car can drive around 
 ----------------------------------------------------------------- 

Car plate: 6305 
 Date: 2015-12-24 14:32:00 	 Week day: Thursday  
 This Car can drive around 
 ----------------------------------------------------------------- 

Car plate: 1981 
 Date: 2014-12-20 18:04:00 	 Week day: Saturday  
 This Car can drive around 
 ----------------------------------------------------------------- 

Car plate: 3584 
 Date: 2011-01-07 17:59:00 	 Week day: Friday  
 This Car can drive around 
 ----------------------------------------------------------------- 

Car plate: 5464 
 Date: 2016-01-01 05:08:00 	 Week day: Friday  
 This Car can drive around 
 ----------------------------------------------------------------- 

Car plate: 1707 
 Date: 2006-11-05 07:51:00 	 Week day: Sunday  
 This Car can drive around 
 ----------------------------------------------------------------- 

Car plate: 4947 
 Date: 2012-05-25 09:47:00 	 Week day: Friday  
 This Car can drive around 
 ----------------------------------------------------------------- 

Car plate: 3242 
 Date: 2009-12-28 03:15:00 	 Week day: Monday  
 This Car can drive around 
 ----------------------------------------------------------------- 

Car plate: 665 
 Date: 2008-06-25 08:05:00 	 Week day: Wednesday  
 This Car cannot drive around 
 ----------------------------------------------------------------- 

Car plate: 6210 
 Date: 2007-06-26 06:21:00 	 Week day: Tuesday  
 This Car can drive around 
 ----------------------------------------------------------------- 

Car plate: 1673 
 Date: 2010-12-18 23:09:00 	 Week day: Saturday  
 This Car can drive around 
 ----------------------------------------------------------------- 

Car plate: 6207 
 Date: 2011-03-12 01:55:00 	 Week day: Saturday  
 This Car can drive around 
 ----------------------------------------------------------------- 

Car plate: 4806 
 Date: 2003-04-07 19:20:00 	 Week day: Monday  
 This Car can drive around 
 ----------------------------------------------------------------- 

Car plate: 1280 
 Date: 2010-03-25 02:51:00 	 Week day: Thursday  
 This Car can drive around 
 ----------------------------------------------------------------- 

Car plate: 2369 
 Date: 2000-10-20 01:59:00 	 Week day: Friday  
 This Car can drive around 
 ----------------------------------------------------------------- 

Car plate: 1084 
 Date: 2014-02-25 06:39:00 	 Week day: Tuesday  
 This Car can drive around 
 ----------------------------------------------------------------- 

Car plate: 505 
 Date: 2005-07-24 05:10:00 	 Week day: Sunday  
 This Car can drive around 
 ----------------------------------------------------------------- 

Car plate: 8773 
 Date: 2005-04-24 00:55:00 	 Week day: Sunday  
 This Car can drive around 
 ----------------------------------------------------------------- 

Car plate: 1715 
 Date: 2001-03-04 12:24:00 	 Week day: Sunday  
 This Car can drive around 
 ----------------------------------------------------------------- 

Car plate: 6887 
 Date: 2012-07-26 12:59:00 	 Week day: Thursday  
 This Car can drive around 
 ----------------------------------------------------------------- 

Car plate: 3018 
 Date: 2019-10-04 01:41:00 	 Week day: Friday  
 This Car can drive around 
 ----------------------------------------------------------------- 

Car plate: 501 
 Date: 2001-04-07 06:25:00 	 Week day: Saturday  
 This Car can drive around 
 ----------------------------------------------------------------- 

Car plate: 5738 
 Date: 2010-04-14 02:35:00 	 Week day: Wednesday  
 This Car can drive around 
 ----------------------------------------------------------------- 

Car plate: 975 
 Date: 2012-03-24 10:29:00 	 Week day: Saturday  
 This Car can drive around 
 ----------------------------------------------------------------- 

Car plate: 7389 
 Date: 2014-12-11 20:38:00 	 Week day: Thursday  
 This Car can drive around 
 ----------------------------------------------------------------- 

Car plate: 6283 
 Date: 2001-02-03 22:20:00 	 Week day: Saturday  
 This Car can drive around 
 ----------------------------------------------------------------- 

Car plate: 6252 
 Date: 2018-08-01 11:03:00 	 Week day: Wednesday  
 This Car can drive around 
 ----------------------------------------------------------------- 

Car plate: 3614 
 Date: 2009-02-22 00:24:00 	 Week day: Sunday  
 This Car can drive around 
 ----------------------------------------------------------------- 

Car plate: 5792 
 Date: 2004-10-26 11:58:00 	 Week day: Tuesday  
 This Car can drive around 
 ----------------------------------------------------------------- 

Car plate: 9121 
 Date: 2017-11-29 12:30:00 	 Week day: Wednesday  
 This Car can drive around 
 ----------------------------------------------------------------- 

Car plate: 4497 
 Date: 2016-06-01 11:28:00 	 Week day: Wednesday  
 This Car can drive around 
 ----------------------------------------------------------------- 

Car plate: 8144 
 Date: 2001-03-10 15:28:00 	 Week day: Saturday  
 This Car can drive around 
 ----------------------------------------------------------------- 

Car plate: 9909 
 Date: 2013-01-18 18:40:00 	 Week day: Friday  
 This Car cannot drive around 
 ----------------------------------------------------------------- 

Car plate: 5729 
 Date: 2011-01-06 17:38:00 	 Week day: Thursday  
 This Car can drive around 
 ----------------------------------------------------------------- 

Car plate: 221 
 Date: 2013-01-11 19:17:00 	 Week day: Friday  
 This Car can drive around 
 ----------------------------------------------------------------- 

Car plate: 6178 
 Date: 2000-09-25 05:54:00 	 Week day: Monday  
 This Car can drive around 
 ----------------------------------------------------------------- 

Car plate: 7246 
 Date: 2011-08-21 01:12:00 	 Week day: Sunday  
 This Car can drive around 
 ----------------------------------------------------------------- 

Car plate: 4828 
 Date: 2013-06-08 01:35:00 	 Week day: Saturday  
 This Car can drive around 
 ----------------------------------------------------------------- 

Car plate: 7457 
 Date: 2003-05-11 09:48:00 	 Week day: Sunday  
 This Car can drive around 
 ----------------------------------------------------------------- 

Car plate: 4675 
 Date: 2018-07-02 15:29:00 	 Week day: Monday  
 This Car can drive around 
 ----------------------------------------------------------------- 

Car plate: 1084 
 Date: 2009-12-15 12:26:00 	 Week day: Tuesday  
 This Car can drive around 
 ----------------------------------------------------------------- 

Car plate: 8690 
 Date: 2009-04-16 12:47:00 	 Week day: Thursday  
 This Car can drive around 
 ----------------------------------------------------------------- 

Car plate: 2924 
 Date: 2014-06-29 09:14:00 	 Week day: Sunday  
 This Car cannot drive around 
 ----------------------------------------------------------------- 

Car plate: 935 
 Date: 2004-07-12 10:31:00 	 Week day: Monday  
 This Car can drive around 
 ----------------------------------------------------------------- 

Car plate: 449 
 Date: 2010-11-09 09:06:00 	 Week day: Tuesday  
 This Car can drive around 
 ----------------------------------------------------------------- 

Car plate: 2747 
 Date: 2010-10-26 07:17:00 	 Week day: Tuesday  
 This Car can drive around 
 ----------------------------------------------------------------- 

Car plate: 1104 
 Date: 2001-07-18 02:30:00 	 Week day: Wednesday  
 This Car can drive around 
 ----------------------------------------------------------------- 

Car plate: 9309 
 Date: 2001-12-18 11:12:00 	 Week day: Tuesday  
 This Car can drive around 
 ----------------------------------------------------------------- 

Car plate: 2946 
 Date: 2001-04-16 08:30:00 	 Week day: Monday  
 This Car can drive around 
 ----------------------------------------------------------------- 

Car plate: 2060 
 Date: 2016-04-01 15:11:00 	 Week day: Friday  
 This Car can drive around 
 ----------------------------------------------------------------- 

Car plate: 4067 
 Date: 2003-07-11 18:24:00 	 Week day: Friday  
 This Car can drive around 
 ----------------------------------------------------------------- 

Car plate: 4714 
 Date: 2005-07-11 05:56:00 	 Week day: Monday  
 This Car can drive around 
 ----------------------------------------------------------------- 

Car plate: 7096 
 Date: 2001-07-06 17:43:00 	 Week day: Friday  
 This Car can drive around 
 ----------------------------------------------------------------- 

Car plate: 8567 
 Date: 2002-05-27 18:51:00 	 Week day: Monday  
 This Car can drive around 
 ----------------------------------------------------------------- 

Car plate: 2439 
 Date: 2006-03-25 09:52:00 	 Week day: Saturday  
 This Car can drive around 
 ----------------------------------------------------------------- 

Car plate: 8985 
 Date: 2003-10-27 01:23:00 	 Week day: Monday  
 This Car can drive around 
 ----------------------------------------------------------------- 

Car plate: 3408 
 Date: 2003-12-18 18:34:00 	 Week day: Thursday  
 This Car cannot drive around 
 ----------------------------------------------------------------- 

Car plate: 7409 
 Date: 2007-03-18 21:46:00 	 Week day: Sunday  
 This Car can drive around 
 ----------------------------------------------------------------- 

Car plate: 3713 
 Date: 2001-11-13 12:46:00 	 Week day: Tuesday  
 This Car can drive around 
 ----------------------------------------------------------------- 

Car plate: 4727 
 Date: 2004-11-01 08:54:00 	 Week day: Monday  
 This Car can drive around 
 ----------------------------------------------------------------- 

Car plate: 7088 
 Date: 2012-04-22 19:56:00 	 Week day: Sunday  
 This Car can drive around 
 ----------------------------------------------------------------- 

Car plate: 1129 
 Date: 2000-04-26 03:35:00 	 Week day: Wednesday  
 This Car can drive around 
 ----------------------------------------------------------------- 

Car plate: 5941 
 Date: 2000-11-14 00:39:00 	 Week day: Tuesday  
 This Car can drive around 
 ----------------------------------------------------------------- 

Car plate: 1150 
 Date: 2020-01-25 04:27:00 	 Week day: Saturday  
 This Car can drive around 
 ----------------------------------------------------------------- 

Car plate: 1323 
 Date: 2005-09-08 11:09:00 	 Week day: Thursday  
 This Car can drive around 
 ----------------------------------------------------------------- 

Car plate: 4303 
 Date: 2003-08-17 00:06:00 	 Week day: Sunday  
 This Car can drive around 
 ----------------------------------------------------------------- 

Car plate: 3073 
 Date: 2012-03-25 09:58:00 	 Week day: Sunday  
 This Car can drive around 
 ----------------------------------------------------------------- 

Car plate: 258 
 Date: 2005-02-01 23:10:00 	 Week day: Tuesday  
 This Car can drive around 
 ----------------------------------------------------------------- 

Car plate: 2853 
 Date: 2008-09-03 04:02:00 	 Week day: Wednesday  
 This Car can drive around 
 ----------------------------------------------------------------- 

Car plate: 5487 
 Date: 2019-12-15 14:40:00 	 Week day: Sunday  
 This Car can drive around 
 ----------------------------------------------------------------- 

Car plate: 256 
 Date: 2013-01-17 12:09:00 	 Week day: Thursday  
 This Car can drive around 
 ----------------------------------------------------------------- 

Car plate: 1497 
 Date: 2011-04-05 01:50:00 	 Week day: Tuesday  
 This Car can drive around 
 ----------------------------------------------------------------- 

Car plate: 1916 
 Date: 2008-03-11 13:26:00 	 Week day: Tuesday  
 This Car can drive around 
 ----------------------------------------------------------------- 

Car plate: 6338 
 Date: 2008-03-06 12:54:00 	 Week day: Thursday  
 This Car can drive around 
 ----------------------------------------------------------------- 

Car plate: 3982 
 Date: 2004-10-05 02:16:00 	 Week day: Tuesday  
 This Car can drive around 
 ----------------------------------------------------------------- 

Car plate: 5147 
 Date: 2005-06-16 17:55:00 	 Week day: Thursday  
 This Car cannot drive around 
 ----------------------------------------------------------------- 

Car plate: 5583 
 Date: 2012-02-07 04:59:00 	 Week day: Tuesday  
 This Car can drive around 
 ----------------------------------------------------------------- 

Car plate: 2153 
 Date: 2008-10-22 09:19:00 	 Week day: Wednesday  
 This Car can drive around 
 ----------------------------------------------------------------- 

Car plate: 421 
 Date: 2001-01-04 12:39:00 	 Week day: Thursday  
 This Car can drive around 
 ----------------------------------------------------------------- 

Car plate: 4514 
 Date: 2015-05-28 07:59:00 	 Week day: Thursday  
 This Car can drive around 
 ----------------------------------------------------------------- 

Car plate: 5534 
 Date: 2011-04-27 22:36:00 	 Week day: Wednesday  
 This Car can drive around 
 ----------------------------------------------------------------- 

Car plate: 5083 
 Date: 2012-06-27 00:20:00 	 Week day: Wednesday  
 This Car can drive around 
 ----------------------------------------------------------------- 

Car plate: 373 
 Date: 2000-03-24 15:29:00 	 Week day: Friday  
 This Car can drive around 
 ----------------------------------------------------------------- 

Car plate: 4885 
 Date: 2001-04-05 12:12:00 	 Week day: Thursday  
 This Car can drive around 
 ----------------------------------------------------------------- 

Car plate: 868 
 Date: 2007-07-23 23:29:00 	 Week day: Monday  
 This Car can drive around 
 ----------------------------------------------------------------- 

Car plate: 2017 
 Date: 2009-12-23 13:35:00 	 Week day: Wednesday  
 This Car can drive around 
 ----------------------------------------------------------------- 

Car plate: 387 
 Date: 2016-07-29 22:55:00 	 Week day: Friday  
 This Car can drive around 
 ----------------------------------------------------------------- 

Car plate: 7022 
 Date: 2000-10-31 17:38:00 	 Week day: Tuesday  
 This Car can drive around 
 ----------------------------------------------------------------- 

Car plate: 1423 
 Date: 2002-03-06 13:41:00 	 Week day: Wednesday  
 This Car can drive around 
 ----------------------------------------------------------------- 

Car plate: 2828 
 Date: 2013-07-30 19:00:00 	 Week day: Tuesday  
 This Car can drive around 
 ----------------------------------------------------------------- 

Car plate: 4642 
 Date: 2018-10-14 19:47:00 	 Week day: Sunday  
 This Car can drive around 
 ----------------------------------------------------------------- 

Car plate: 6124 
 Date: 2004-07-14 14:07:00 	 Week day: Wednesday  
 This Car can drive around 
 ----------------------------------------------------------------- 

Car plate: 4002 
 Date: 2002-04-17 22:01:00 	 Week day: Wednesday  
 This Car can drive around 
 ----------------------------------------------------------------- 

Car plate: 8673 
 Date: 2005-01-10 14:20:00 	 Week day: Monday  
 This Car can drive around 
 ----------------------------------------------------------------- 

Car plate: 9603 
 Date: 2008-02-18 23:30:00 	 Week day: Monday  
 This Car can drive around 
 ----------------------------------------------------------------- 

Car plate: 2598 
 Date: 2015-07-18 08:32:00 	 Week day: Saturday  
 This Car can drive around 
 ----------------------------------------------------------------- 

Car plate: 120 
 Date: 2015-10-15 20:46:00 	 Week day: Thursday  
 This Car can drive around 
 ----------------------------------------------------------------- 

Car plate: 9237 
 Date: 2005-12-03 09:48:00 	 Week day: Saturday  
 This Car can drive around 
 ----------------------------------------------------------------- 

Car plate: 1937 
 Date: 2012-04-06 14:43:00 	 Week day: Friday  
 This Car can drive around 
 ----------------------------------------------------------------- 

Car plate: 6644 
 Date: 2017-09-01 10:27:00 	 Week day: Friday  
 This Car can drive around 
 ----------------------------------------------------------------- 

Car plate: 5848 
 Date: 2004-05-30 22:14:00 	 Week day: Sunday  
 This Car can drive around 
 ----------------------------------------------------------------- 

Car plate: 1792 
 Date: 2009-09-16 03:09:00 	 Week day: Wednesday  
 This Car can drive around 
 ----------------------------------------------------------------- 

Car plate: 3833 
 Date: 2013-08-02 15:17:00 	 Week day: Friday  
 This Car can drive around 
 ----------------------------------------------------------------- 

Car plate: 9315 
 Date: 2005-04-17 20:31:00 	 Week day: Sunday  
 This Car can drive around 
 ----------------------------------------------------------------- 

Car plate: 413 
 Date: 2019-08-25 05:48:00 	 Week day: Sunday  
 This Car can drive around 
 ----------------------------------------------------------------- 

Car plate: 8361 
 Date: 2014-01-10 08:34:00 	 Week day: Friday  
 This Car can drive around 
 ----------------------------------------------------------------- 

Car plate: 8677 
 Date: 2006-04-02 21:47:00 	 Week day: Sunday  
 This Car can drive around 
 ----------------------------------------------------------------- 

Car plate: 9378 
 Date: 2003-12-30 04:48:00 	 Week day: Tuesday  
 This Car can drive around 
 ----------------------------------------------------------------- 

Car plate: 4073 
 Date: 2001-09-08 11:44:00 	 Week day: Saturday  
 This Car can drive around 
 ----------------------------------------------------------------- 

Car plate: 7487 
 Date: 2011-05-13 15:21:00 	 Week day: Friday  
 This Car can drive around 
 ----------------------------------------------------------------- 

Car plate: 9935 
 Date: 2002-07-26 01:19:00 	 Week day: Friday  
 This Car can drive around 
 ----------------------------------------------------------------- 

Car plate: 7280 
 Date: 2005-05-14 14:50:00 	 Week day: Saturday  
 This Car can drive around 
 ----------------------------------------------------------------- 

Car plate: 3238 
 Date: 2005-07-03 19:43:00 	 Week day: Sunday  
 This Car can drive around 
 ----------------------------------------------------------------- 

Car plate: 9448 
 Date: 2011-07-29 22:14:00 	 Week day: Friday  
 This Car can drive around 
 ----------------------------------------------------------------- 

Car plate: 1962 
 Date: 2015-12-25 06:35:00 	 Week day: Friday  
 This Car can drive around 
 ----------------------------------------------------------------- 

Car plate: 4814 
 Date: 2016-03-24 23:19:00 	 Week day: Thursday  
 This Car can drive around 
 ----------------------------------------------------------------- 

Car plate: 1117 
 Date: 2007-02-25 19:13:00 	 Week day: Sunday  
 This Car can drive around 
 ----------------------------------------------------------------- 

Car plate: 7902 
 Date: 2004-01-21 15:24:00 	 Week day: Wednesday  
 This Car can drive around 
 ----------------------------------------------------------------- 

Car plate: 904 
 Date: 2003-10-16 06:31:00 	 Week day: Thursday  
 This Car can drive around 
 ----------------------------------------------------------------- 

Car plate: 7512 
 Date: 2001-03-07 09:20:00 	 Week day: Wednesday  
 This Car can drive around 
 ----------------------------------------------------------------- 

Car plate: 5578 
 Date: 2018-12-28 03:49:00 	 Week day: Friday  
 This Car can drive around 
 ----------------------------------------------------------------- 

Car plate: 1778 
 Date: 2015-02-06 07:22:00 	 Week day: Friday  
 This Car can drive around 
 ----------------------------------------------------------------- 

Car plate: 5444 
 Date: 2010-06-03 10:00:00 	 Week day: Thursday  
 This Car can drive around 
 ----------------------------------------------------------------- 

Car plate: 4625 
 Date: 2007-11-28 14:35:00 	 Week day: Wednesday  
 This Car can drive around 
 ----------------------------------------------------------------- 

Car plate: 5290 
 Date: 2012-09-29 16:49:00 	 Week day: Saturday  
 This Car can drive around 
 ----------------------------------------------------------------- 

Car plate: 286 
 Date: 2009-05-10 05:23:00 	 Week day: Sunday  
 This Car can drive around 
 ----------------------------------------------------------------- 

Car plate: 8209 
 Date: 2017-07-13 08:19:00 	 Week day: Thursday  
 This Car can drive around 
 ----------------------------------------------------------------- 

Car plate: 128 
 Date: 2000-04-25 15:20:00 	 Week day: Tuesday  
 This Car can drive around 
 ----------------------------------------------------------------- 

Car plate: 5014 
 Date: 2018-05-17 01:46:00 	 Week day: Thursday  
 This Car can drive around 
 ----------------------------------------------------------------- 

Car plate: 1442 
 Date: 2018-01-23 06:34:00 	 Week day: Tuesday  
 This Car can drive around 
 ----------------------------------------------------------------- 

Car plate: 5750 
 Date: 2011-08-21 15:32:00 	 Week day: Sunday  
 This Car can drive around 
 ----------------------------------------------------------------- 

Car plate: 9949 
 Date: 2015-10-08 13:41:00 	 Week day: Thursday  
 This Car can drive around 
 ----------------------------------------------------------------- 

Car plate: 6797 
 Date: 2018-01-14 00:54:00 	 Week day: Sunday  
 This Car can drive around 
 ----------------------------------------------------------------- 

Car plate: 5114 
 Date: 2004-03-30 02:29:00 	 Week day: Tuesday  
 This Car can drive around 
 ----------------------------------------------------------------- 

Car plate: 3845 
 Date: 2012-12-09 07:41:00 	 Week day: Sunday  
 This Car can drive around 
 ----------------------------------------------------------------- 

Car plate: 9210 
 Date: 2015-11-03 23:11:00 	 Week day: Tuesday  
 This Car can drive around 
 ----------------------------------------------------------------- 

Car plate: 534 
 Date: 2010-02-23 13:18:00 	 Week day: Tuesday  
 This Car can drive around 
 ----------------------------------------------------------------- 

Car plate: 1264 
 Date: 2006-11-26 14:12:00 	 Week day: Sunday  
 This Car can drive around 
 ----------------------------------------------------------------- 

Car plate: 1794 
 Date: 2002-05-01 22:04:00 	 Week day: Wednesday  
 This Car can drive around 
 ----------------------------------------------------------------- 

Car plate: 8185 
 Date: 2000-12-19 09:32:00 	 Week day: Tuesday  
 This Car can drive around 
 ----------------------------------------------------------------- 

Car plate: 9597 
 Date: 2004-02-21 06:15:00 	 Week day: Saturday  
 This Car can drive around 
 ----------------------------------------------------------------- 

Car plate: 4127 
 Date: 2006-10-24 18:27:00 	 Week day: Tuesday  
 This Car can drive around 
 ----------------------------------------------------------------- 

Car plate: 2896 
 Date: 2013-10-01 01:51:00 	 Week day: Tuesday  
 This Car can drive around 
 ----------------------------------------------------------------- 

Car plate: 1799 
 Date: 2003-08-08 10:02:00 	 Week day: Friday  
 This Car can drive around 
 ----------------------------------------------------------------- 

Car plate: 4145 
 Date: 2006-09-07 21:14:00 	 Week day: Thursday  
 This Car can drive around 
 ----------------------------------------------------------------- 

Car plate: 2838 
 Date: 2010-07-18 23:23:00 	 Week day: Sunday  
 This Car can drive around 
 ----------------------------------------------------------------- 

Car plate: 6885 
 Date: 2007-02-10 01:16:00 	 Week day: Saturday  
 This Car can drive around 
 ----------------------------------------------------------------- 

Car plate: 2676 
 Date: 2003-12-08 05:15:00 	 Week day: Monday  
 This Car can drive around 
 ----------------------------------------------------------------- 

Car plate: 7884 
 Date: 2012-05-14 08:45:00 	 Week day: Monday  
 This Car can drive around 
 ----------------------------------------------------------------- 

Car plate: 1604 
 Date: 2018-01-30 10:28:00 	 Week day: Tuesday  
 This Car can drive around 
 ----------------------------------------------------------------- 

Car plate: 7675 
 Date: 2002-06-15 04:43:00 	 Week day: Saturday  
 This Car can drive around 
 ----------------------------------------------------------------- 

Car plate: 6853 
 Date: 2010-11-06 05:32:00 	 Week day: Saturday  
 This Car can drive around 
 ----------------------------------------------------------------- 

Car plate: 8283 
 Date: 2013-07-29 17:44:00 	 Week day: Monday  
 This Car can drive around 
 ----------------------------------------------------------------- 

Car plate: 5994 
 Date: 2001-02-07 09:23:00 	 Week day: Wednesday  
 This Car can drive around 
 ----------------------------------------------------------------- 

Car plate: 3685 
 Date: 2014-03-16 17:47:00 	 Week day: Sunday  
 This Car can drive around 
 ----------------------------------------------------------------- 

Car plate: 3977 
 Date: 2010-08-07 08:40:00 	 Week day: Saturday  
 This Car can drive around 
 ----------------------------------------------------------------- 

Car plate: 3344 
 Date: 2016-07-17 17:40:00 	 Week day: Sunday  
 This Car cannot drive around 
 ----------------------------------------------------------------- 

Car plate: 1455 
 Date: 2015-07-08 20:04:00 	 Week day: Wednesday  
 This Car can drive around 
 ----------------------------------------------------------------- 

Car plate: 6371 
 Date: 2002-03-09 07:44:00 	 Week day: Saturday  
 This Car can drive around 
 ----------------------------------------------------------------- 

Car plate: 9821 
 Date: 2005-09-21 16:13:00 	 Week day: Wednesday  
 This Car can drive around 
 ----------------------------------------------------------------- 

Car plate: 4130 
 Date: 2015-03-10 20:55:00 	 Week day: Tuesday  
 This Car can drive around 
 ----------------------------------------------------------------- 

Car plate: 5248 
 Date: 2009-03-05 03:14:00 	 Week day: Thursday  
 This Car can drive around 
 ----------------------------------------------------------------- 

Car plate: 5749 
 Date: 2010-11-08 18:50:00 	 Week day: Monday  
 This Car can drive around 
 ----------------------------------------------------------------- 

Car plate: 2176 
 Date: 2001-02-20 03:36:00 	 Week day: Tuesday  
 This Car can drive around 
 ----------------------------------------------------------------- 

Car plate: 5575 
 Date: 2014-01-19 02:30:00 	 Week day: Sunday  
 This Car can drive around 
 ----------------------------------------------------------------- 

Car plate: 5521 
 Date: 2001-05-28 05:16:00 	 Week day: Monday  
 This Car can drive around 
 ----------------------------------------------------------------- 

Car plate: 2495 
 Date: 2004-03-04 04:08:00 	 Week day: Thursday  
 This Car can drive around 
 ----------------------------------------------------------------- 

Car plate: 1643 
 Date: 2006-05-05 01:22:00 	 Week day: Friday  
 This Car can drive around 
 ----------------------------------------------------------------- 

Car plate: 3844 
 Date: 2008-06-27 02:31:00 	 Week day: Friday  
 This Car can drive around 
 ----------------------------------------------------------------- 

Car plate: 2669 
 Date: 2009-02-03 17:33:00 	 Week day: Tuesday  
 This Car can drive around 
 ----------------------------------------------------------------- 

Car plate: 1725 
 Date: 2006-10-17 15:39:00 	 Week day: Tuesday  
 This Car can drive around 
 ----------------------------------------------------------------- 

Car plate: 3512 
 Date: 2017-01-31 15:25:00 	 Week day: Tuesday  
 This Car can drive around 
 ----------------------------------------------------------------- 

Car plate: 9019 
 Date: 2003-10-22 17:00:00 	 Week day: Wednesday  
 This Car can drive around 
 ----------------------------------------------------------------- 

Car plate: 2374 
 Date: 2008-07-09 20:11:00 	 Week day: Wednesday  
 This Car can drive around 
 ----------------------------------------------------------------- 

Car plate: 6362 
 Date: 2007-03-31 12:07:00 	 Week day: Saturday  
 This Car can drive around 
 ----------------------------------------------------------------- 

Car plate: 2400 
 Date: 2002-05-03 16:28:00 	 Week day: Friday  
 This Car cannot drive around 
 ----------------------------------------------------------------- 

Car plate: 9263 
 Date: 2009-09-23 05:05:00 	 Week day: Wednesday  
 This Car can drive around 
 ----------------------------------------------------------------- 

Car plate: 9042 
 Date: 2006-08-23 06:45:00 	 Week day: Wednesday  
 This Car can drive around 
 ----------------------------------------------------------------- 

Car plate: 2944 
 Date: 2012-02-21 02:58:00 	 Week day: Tuesday  
 This Car can drive around 
 ----------------------------------------------------------------- 

Car plate: 7187 
 Date: 2012-08-03 23:52:00 	 Week day: Friday  
 This Car can drive around 
 ----------------------------------------------------------------- 

Car plate: 2339 
 Date: 2007-07-29 14:50:00 	 Week day: Sunday  
 This Car can drive around 
 ----------------------------------------------------------------- 

Car plate: 2249 
 Date: 2000-02-26 04:16:00 	 Week day: Saturday  
 This Car can drive around 
 ----------------------------------------------------------------- 

Car plate: 43 
 Date: 2002-06-03 20:47:00 	 Week day: Monday  
 This Car can drive around 
 ----------------------------------------------------------------- 

Car plate: 9528 
 Date: 2002-09-15 21:06:00 	 Week day: Sunday  
 This Car can drive around 
 ----------------------------------------------------------------- 

Car plate: 534 
 Date: 2010-07-12 12:43:00 	 Week day: Monday  
 This Car can drive around 
 ----------------------------------------------------------------- 

Car plate: 8590 
 Date: 2013-07-31 07:38:00 	 Week day: Wednesday  
 This Car can drive around 
 ----------------------------------------------------------------- 

Car plate: 5792 
 Date: 2008-09-10 07:56:00 	 Week day: Wednesday  
 This Car can drive around 
 ----------------------------------------------------------------- 

Car plate: 4494 
 Date: 2004-08-26 12:41:00 	 Week day: Thursday  
 This Car can drive around 
 ----------------------------------------------------------------- 

Car plate: 6189 
 Date: 2010-04-13 23:20:00 	 Week day: Tuesday  
 This Car can drive around 
 ----------------------------------------------------------------- 

Car plate: 3716 
 Date: 2003-05-13 04:26:00 	 Week day: Tuesday  
 This Car can drive around 
 ----------------------------------------------------------------- 

Car plate: 4433 
 Date: 2016-10-12 21:28:00 	 Week day: Wednesday  
 This Car can drive around 
 ----------------------------------------------------------------- 

Car plate: 8109 
 Date: 2001-09-09 23:24:00 	 Week day: Sunday  
 This Car can drive around 
 ----------------------------------------------------------------- 

Car plate: 7287 
 Date: 2004-05-19 09:14:00 	 Week day: Wednesday  
 This Car can drive around 
 ----------------------------------------------------------------- 

Car plate: 9099 
 Date: 2002-11-03 08:24:00 	 Week day: Sunday  
 This Car can drive around 
 ----------------------------------------------------------------- 

Car plate: 3120 
 Date: 2007-07-24 13:33:00 	 Week day: Tuesday  
 This Car can drive around 
 ----------------------------------------------------------------- 

Car plate: 7303 
 Date: 2002-12-05 13:40:00 	 Week day: Thursday  
 This Car can drive around 
 ----------------------------------------------------------------- 

Car plate: 830 
 Date: 2002-08-15 02:37:00 	 Week day: Thursday  
 This Car can drive around 
 ----------------------------------------------------------------- 

Car plate: 7960 
 Date: 2003-06-13 20:15:00 	 Week day: Friday  
 This Car can drive around 
 ----------------------------------------------------------------- 

Car plate: 5452 
 Date: 2015-11-10 21:09:00 	 Week day: Tuesday  
 This Car can drive around 
 ----------------------------------------------------------------- 

Car plate: 673 
 Date: 2012-10-17 01:44:00 	 Week day: Wednesday  
 This Car can drive around 
 ----------------------------------------------------------------- 

Car plate: 5946 
 Date: 2016-11-01 13:25:00 	 Week day: Tuesday  
 This Car can drive around 
 ----------------------------------------------------------------- 

Car plate: 6000 
 Date: 2013-07-22 19:44:00 	 Week day: Monday  
 This Car can drive around 
 ----------------------------------------------------------------- 

Car plate: 2387 
 Date: 2000-09-03 07:52:00 	 Week day: Sunday  
 This Car can drive around 
 ----------------------------------------------------------------- 

Car plate: 3313 
 Date: 2007-09-12 00:46:00 	 Week day: Wednesday  
 This Car can drive around 
 ----------------------------------------------------------------- 

Car plate: 8032 
 Date: 2002-08-25 02:42:00 	 Week day: Sunday  
 This Car can drive around 
 ----------------------------------------------------------------- 

Car plate: 6038 
 Date: 2019-10-09 19:11:00 	 Week day: Wednesday  
 This Car can drive around 
 ----------------------------------------------------------------- 

Car plate: 5100 
 Date: 2015-04-24 12:22:00 	 Week day: Friday  
 This Car can drive around 
 ----------------------------------------------------------------- 

Car plate: 6910 
 Date: 2005-09-02 06:17:00 	 Week day: Friday  
 This Car can drive around 
 ----------------------------------------------------------------- 

Car plate: 105 
 Date: 2011-01-05 20:44:00 	 Week day: Wednesday  
 This Car can drive around 
 ----------------------------------------------------------------- 

Car plate: 8504 
 Date: 2006-08-28 01:47:00 	 Week day: Monday  
 This Car can drive around 
 ----------------------------------------------------------------- 

Car plate: 331 
 Date: 2012-09-26 09:25:00 	 Week day: Wednesday  
 This Car can drive around 
 ----------------------------------------------------------------- 

Car plate: 4220 
 Date: 2013-05-13 07:08:00 	 Week day: Monday  
 This Car can drive around 
 ----------------------------------------------------------------- 

Car plate: 5063 
 Date: 2007-10-16 14:35:00 	 Week day: Tuesday  
 This Car can drive around 
 ----------------------------------------------------------------- 

Car plate: 2160 
 Date: 2013-09-09 07:26:00 	 Week day: Monday  
 This Car can drive around 
 ----------------------------------------------------------------- 

Car plate: 6561 
 Date: 2016-01-21 21:59:00 	 Week day: Thursday  
 This Car can drive around 
 ----------------------------------------------------------------- 

Car plate: 8677 
 Date: 2020-01-29 11:18:00 	 Week day: Wednesday  
 This Car can drive around 
 ----------------------------------------------------------------- 

Car plate: 9145 
 Date: 2010-02-02 09:12:00 	 Week day: Tuesday  
 This Car can drive around 
 ----------------------------------------------------------------- 

Car plate: 9230 
 Date: 2009-08-05 02:54:00 	 Week day: Wednesday  
 This Car can drive around 
 ----------------------------------------------------------------- 

Car plate: 3097 
 Date: 2000-01-21 01:38:00 	 Week day: Friday  
 This Car can drive around 
 ----------------------------------------------------------------- 

Car plate: 534 
 Date: 2004-08-07 12:55:00 	 Week day: Saturday  
 This Car can drive around 
 ----------------------------------------------------------------- 

Car plate: 2417 
 Date: 2008-10-27 17:04:00 	 Week day: Monday  
 This Car can drive around 
 ----------------------------------------------------------------- 

Car plate: 1115 
 Date: 2018-02-09 01:15:00 	 Week day: Friday  
 This Car can drive around 
 ----------------------------------------------------------------- 

Car plate: 1556 
 Date: 2012-01-20 06:02:00 	 Week day: Friday  
 This Car can drive around 
 ----------------------------------------------------------------- 

Car plate: 1688 
 Date: 2000-08-14 19:54:00 	 Week day: Monday  
 This Car can drive around 
 ----------------------------------------------------------------- 

Car plate: 163 
 Date: 2013-09-06 06:27:00 	 Week day: Friday  
 This Car can drive around 
 ----------------------------------------------------------------- 

Car plate: 3986 
 Date: 2009-01-10 07:43:00 	 Week day: Saturday  
 This Car can drive around 
 ----------------------------------------------------------------- 

Car plate: 7073 
 Date: 2003-10-22 13:27:00 	 Week day: Wednesday  
 This Car can drive around 
 ----------------------------------------------------------------- 

Car plate: 329 
 Date: 2006-08-16 12:18:00 	 Week day: Wednesday  
 This Car can drive around 
 ----------------------------------------------------------------- 

Car plate: 1265 
 Date: 2007-03-25 10:49:00 	 Week day: Sunday  
 This Car can drive around 
 ----------------------------------------------------------------- 

Car plate: 3267 
 Date: 2003-01-21 11:19:00 	 Week day: Tuesday  
 This Car can drive around 
 ----------------------------------------------------------------- 

Car plate: 8044 
 Date: 2002-01-31 22:31:00 	 Week day: Thursday  
 This Car can drive around 
 ----------------------------------------------------------------- 

Car plate: 3037 
 Date: 2007-05-10 00:49:00 	 Week day: Thursday  
 This Car can drive around 
 ----------------------------------------------------------------- 

Car plate: 4394 
 Date: 2015-05-19 22:06:00 	 Week day: Tuesday  
 This Car can drive around 
 ----------------------------------------------------------------- 

Car plate: 661 
 Date: 2002-02-04 15:18:00 	 Week day: Monday  
 This Car can drive around 
 ----------------------------------------------------------------- 

Car plate: 3779 
 Date: 2009-08-29 02:51:00 	 Week day: Saturday  
 This Car can drive around 
 ----------------------------------------------------------------- 

Car plate: 6613 
 Date: 2016-11-08 22:47:00 	 Week day: Tuesday  
 This Car can drive around 
 ----------------------------------------------------------------- 

Car plate: 5867 
 Date: 2015-07-02 17:26:00 	 Week day: Thursday  
 This Car cannot drive around 
 ----------------------------------------------------------------- 

Car plate: 1772 
 Date: 2013-01-30 14:49:00 	 Week day: Wednesday  
 This Car can drive around 
 ----------------------------------------------------------------- 

Car plate: 947 
 Date: 2000-10-08 00:09:00 	 Week day: Sunday  
 This Car can drive around 
 ----------------------------------------------------------------- 

Car plate: 9368 
 Date: 2010-09-12 23:56:00 	 Week day: Sunday  
 This Car can drive around 
 ----------------------------------------------------------------- 

Car plate: 1651 
 Date: 2002-07-23 23:01:00 	 Week day: Tuesday  
 This Car can drive around 
 ----------------------------------------------------------------- 

Car plate: 4441 
 Date: 2006-02-23 03:03:00 	 Week day: Thursday  
 This Car can drive around 
 ----------------------------------------------------------------- 

Car plate: 2684 
 Date: 2016-11-28 09:46:00 	 Week day: Monday  
 This Car can drive around 
 ----------------------------------------------------------------- 

Car plate: 2550 
 Date: 2001-05-14 23:15:00 	 Week day: Monday  
 This Car can drive around 
 ----------------------------------------------------------------- 

Car plate: 3202 
 Date: 2019-11-04 05:15:00 	 Week day: Monday  
 This Car can drive around 
 ----------------------------------------------------------------- 

Car plate: 4033 
 Date: 2008-05-17 02:36:00 	 Week day: Saturday  
 This Car can drive around 
 ----------------------------------------------------------------- 

Car plate: 6479 
 Date: 2017-10-12 01:15:00 	 Week day: Thursday  
 This Car can drive around 
 ----------------------------------------------------------------- 

Car plate: 2268 
 Date: 2009-07-03 12:25:00 	 Week day: Friday  
 This Car can drive around 
 ----------------------------------------------------------------- 

Car plate: 4581 
 Date: 2014-01-22 01:12:00 	 Week day: Wednesday  
 This Car can drive around 
 ----------------------------------------------------------------- 

Car plate: 5423 
 Date: 2015-10-22 16:01:00 	 Week day: Thursday  
 This Car can drive around 
 ----------------------------------------------------------------- 

Car plate: 6769 
 Date: 2017-04-19 05:43:00 	 Week day: Wednesday  
 This Car can drive around 
 ----------------------------------------------------------------- 

Car plate: 6988 
 Date: 2003-07-19 18:58:00 	 Week day: Saturday  
 This Car can drive around 
 ----------------------------------------------------------------- 

Car plate: 3024 
 Date: 2004-03-15 07:26:00 	 Week day: Monday  
 This Car can drive around 
 ----------------------------------------------------------------- 

Car plate: 5663 
 Date: 2007-09-10 22:28:00 	 Week day: Monday  
 This Car can drive around 
 ----------------------------------------------------------------- 

Car plate: 5520 
 Date: 2011-05-22 01:54:00 	 Week day: Sunday  
 This Car can drive around 
 ----------------------------------------------------------------- 

Car plate: 8154 
 Date: 2002-02-04 09:56:00 	 Week day: Monday  
 This Car can drive around 
 ----------------------------------------------------------------- 

Car plate: 6646 
 Date: 2001-05-03 21:37:00 	 Week day: Thursday  
 This Car can drive around 
 ----------------------------------------------------------------- 

Car plate: 6198 
 Date: 2010-05-23 20:32:00 	 Week day: Sunday  
 This Car can drive around 
 ----------------------------------------------------------------- 

Car plate: 1328 
 Date: 2018-02-18 20:33:00 	 Week day: Sunday  
 This Car can drive around 
 ----------------------------------------------------------------- 

Car plate: 2407 
 Date: 2002-10-27 21:41:00 	 Week day: Sunday  
 This Car can drive around 
 ----------------------------------------------------------------- 

Car plate: 5234 
 Date: 2012-08-22 09:32:00 	 Week day: Wednesday  
 This Car can drive around 
 ----------------------------------------------------------------- 

Car plate: 4907 
 Date: 2001-04-27 07:08:00 	 Week day: Friday  
 This Car can drive around 
 ----------------------------------------------------------------- 

Car plate: 269 
 Date: 2013-04-10 09:15:00 	 Week day: Wednesday  
 This Car can drive around 
 ----------------------------------------------------------------- 

Car plate: 7745 
 Date: 2018-02-10 09:55:00 	 Week day: Saturday  
 This Car can drive around 
 ----------------------------------------------------------------- 

Car plate: 5631 
 Date: 2013-11-29 19:52:00 	 Week day: Friday  
 This Car can drive around 
 ----------------------------------------------------------------- 

Car plate: 1481 
 Date: 2013-10-22 17:39:00 	 Week day: Tuesday  
 This Car can drive around 
 ----------------------------------------------------------------- 

Car plate: 5915 
 Date: 2013-03-21 22:13:00 	 Week day: Thursday  
 This Car can drive around 
 ----------------------------------------------------------------- 

Car plate: 8096 
 Date: 2012-03-07 20:37:00 	 Week day: Wednesday  
 This Car can drive around 
 ----------------------------------------------------------------- 

Car plate: 1274 
 Date: 2002-01-24 21:51:00 	 Week day: Thursday  
 This Car can drive around 
 ----------------------------------------------------------------- 

Car plate: 5778 
 Date: 2012-08-11 04:10:00 	 Week day: Saturday  
 This Car can drive around 
 ----------------------------------------------------------------- 

Car plate: 572 
 Date: 2018-05-10 07:26:00 	 Week day: Thursday  
 This Car can drive around 
 ----------------------------------------------------------------- 

Car plate: 1513 
 Date: 2011-01-31 19:16:00 	 Week day: Monday  
 This Car can drive around 
 ----------------------------------------------------------------- 

Car plate: 1959 
 Date: 2019-12-25 21:16:00 	 Week day: Wednesday  
 This Car can drive around 
 ----------------------------------------------------------------- 

Car plate: 4914 
 Date: 2000-12-11 21:59:00 	 Week day: Monday  
 This Car can drive around 
 ----------------------------------------------------------------- 

Car plate: 5291 
 Date: 2016-04-19 04:31:00 	 Week day: Tuesday  
 This Car can drive around 
 ----------------------------------------------------------------- 

Car plate: 8543 
 Date: 2012-02-25 21:06:00 	 Week day: Saturday  
 This Car can drive around 
 ----------------------------------------------------------------- 

Car plate: 9809 
 Date: 2007-12-31 15:15:00 	 Week day: Monday  
 This Car can drive around 
 ----------------------------------------------------------------- 

Car plate: 4562 
 Date: 2015-12-23 02:16:00 	 Week day: Wednesday  
 This Car can drive around 
 ----------------------------------------------------------------- 

Car plate: 3229 
 Date: 2000-02-07 15:05:00 	 Week day: Monday  
 This Car can drive around 
 ----------------------------------------------------------------- 

Car plate: 2276 
 Date: 2002-08-26 09:28:00 	 Week day: Monday  
 This Car can drive around 
 ----------------------------------------------------------------- 

Car plate: 5378 
 Date: 2002-01-14 05:40:00 	 Week day: Monday  
 This Car can drive around 
 ----------------------------------------------------------------- 

Car plate: 1441 
 Date: 2000-08-06 07:05:00 	 Week day: Sunday  
 This Car can drive around 
 ----------------------------------------------------------------- 

Car plate: 3447 
 Date: 2012-06-09 14:55:00 	 Week day: Saturday  
 This Car can drive around 
 ----------------------------------------------------------------- 

Car plate: 7338 
 Date: 2009-09-04 07:49:00 	 Week day: Friday  
 This Car can drive around 
 ----------------------------------------------------------------- 

Car plate: 9975 
 Date: 2012-12-08 06:31:00 	 Week day: Saturday  
 This Car can drive around 
 ----------------------------------------------------------------- 

Car plate: 2857 
 Date: 2008-04-24 21:51:00 	 Week day: Thursday  
 This Car can drive around 
 ----------------------------------------------------------------- 

Car plate: 3062 
 Date: 2001-06-01 02:15:00 	 Week day: Friday  
 This Car can drive around 
 ----------------------------------------------------------------- 

Car plate: 4956 
 Date: 2011-04-22 23:21:00 	 Week day: Friday  
 This Car can drive around 
 ----------------------------------------------------------------- 

Car plate: 4667 
 Date: 2010-09-16 03:34:00 	 Week day: Thursday  
 This Car can drive around 
 ----------------------------------------------------------------- 

Car plate: 6413 
 Date: 2014-08-07 15:38:00 	 Week day: Thursday  
 This Car can drive around 
 ----------------------------------------------------------------- 

Car plate: 7598 
 Date: 2016-07-23 07:26:00 	 Week day: Saturday  
 This Car can drive around 
 ----------------------------------------------------------------- 

Car plate: 2484 
 Date: 2012-02-26 09:50:00 	 Week day: Sunday  
 This Car can drive around 
 ----------------------------------------------------------------- 

Car plate: 5419 
 Date: 2018-05-19 03:27:00 	 Week day: Saturday  
 This Car can drive around 
 ----------------------------------------------------------------- 

Car plate: 4406 
 Date: 2018-01-10 05:26:00 	 Week day: Wednesday  
 This Car can drive around 
 ----------------------------------------------------------------- 

Car plate: 4288 
 Date: 2017-07-31 15:12:00 	 Week day: Monday  
 This Car can drive around 
 ----------------------------------------------------------------- 

Car plate: 2755 
 Date: 2005-07-24 19:53:00 	 Week day: Sunday  
 This Car can drive around 
 ----------------------------------------------------------------- 

Car plate: 7984 
 Date: 2004-01-01 06:16:00 	 Week day: Thursday  
 This Car can drive around 
 ----------------------------------------------------------------- 

Car plate: 7322 
 Date: 2012-01-18 04:32:00 	 Week day: Wednesday  
 This Car can drive around 
 ----------------------------------------------------------------- 

Car plate: 7183 
 Date: 2007-10-31 11:41:00 	 Week day: Wednesday  
 This Car can drive around 
 ----------------------------------------------------------------- 

Car plate: 1804 
 Date: 2010-03-03 00:30:00 	 Week day: Wednesday  
 This Car can drive around 
 ----------------------------------------------------------------- 

Car plate: 576 
 Date: 2014-06-04 16:41:00 	 Week day: Wednesday  
 This Car cannot drive around 
 ----------------------------------------------------------------- 

Car plate: 9623 
 Date: 2010-04-09 03:04:00 	 Week day: Friday  
 This Car can drive around 
 ----------------------------------------------------------------- 

Car plate: 1928 
 Date: 2008-06-15 09:49:00 	 Week day: Sunday  
 This Car can drive around 
 ----------------------------------------------------------------- 

Car plate: 8767 
 Date: 2010-10-28 04:37:00 	 Week day: Thursday  
 This Car can drive around 
 ----------------------------------------------------------------- 

Car plate: 6056 
 Date: 2009-03-28 15:38:00 	 Week day: Saturday  
 This Car can drive around 
 ----------------------------------------------------------------- 

Car plate: 3058 
 Date: 2011-04-14 01:57:00 	 Week day: Thursday  
 This Car can drive around 
 ----------------------------------------------------------------- 

Car plate: 3290 
 Date: 2016-06-20 22:24:00 	 Week day: Monday  
 This Car can drive around 
 ----------------------------------------------------------------- 

Car plate: 9980 
 Date: 2014-01-19 18:35:00 	 Week day: Sunday  
 This Car can drive around 
 ----------------------------------------------------------------- 

Car plate: 4161 
 Date: 2004-01-24 12:44:00 	 Week day: Saturday  
 This Car can drive around 
 ----------------------------------------------------------------- 

Car plate: 690 
 Date: 2002-08-02 07:21:00 	 Week day: Friday  
 This Car cannot drive around 
 ----------------------------------------------------------------- 

Car plate: 6964 
 Date: 2006-10-10 05:48:00 	 Week day: Tuesday  
 This Car can drive around 
 ----------------------------------------------------------------- 

Car plate: 3941 
 Date: 2003-02-25 01:59:00 	 Week day: Tuesday  
 This Car can drive around 
 ----------------------------------------------------------------- 

Car plate: 3415 
 Date: 2016-09-02 21:45:00 	 Week day: Friday  
 This Car can drive around 
 ----------------------------------------------------------------- 

Car plate: 2 
 Date: 2019-04-07 06:13:00 	 Week day: Sunday  
 This Car can drive around 
 ----------------------------------------------------------------- 

Car plate: 7681 
 Date: 2013-09-02 13:21:00 	 Week day: Monday  
 This Car can drive around 
 ----------------------------------------------------------------- 

Car plate: 1895 
 Date: 2004-02-21 20:02:00 	 Week day: Saturday  
 This Car can drive around 
 ----------------------------------------------------------------- 

Car plate: 1370 
 Date: 2002-05-27 02:35:00 	 Week day: Monday  
 This Car can drive around 
 ----------------------------------------------------------------- 

Car plate: 5999 
 Date: 2006-06-30 08:49:00 	 Week day: Friday  
 This Car cannot drive around 
 ----------------------------------------------------------------- 

Car plate: 831 
 Date: 2015-11-03 08:23:00 	 Week day: Tuesday  
 This Car can drive around 
 ----------------------------------------------------------------- 

Car plate: 6993 
 Date: 2017-02-08 12:44:00 	 Week day: Wednesday  
 This Car can drive around 
 ----------------------------------------------------------------- 

Car plate: 3242 
 Date: 2019-09-14 09:13:00 	 Week day: Saturday  
 This Car cannot drive around 
 ----------------------------------------------------------------- 

Car plate: 954 
 Date: 2020-01-21 03:24:00 	 Week day: Tuesday  
 This Car can drive around 
 ----------------------------------------------------------------- 

Car plate: 2838 
 Date: 2009-09-04 03:32:00 	 Week day: Friday  
 This Car can drive around 
 ----------------------------------------------------------------- 

Car plate: 3692 
 Date: 2004-12-04 16:55:00 	 Week day: Saturday  
 This Car cannot drive around 
 ----------------------------------------------------------------- 

Car plate: 8605 
 Date: 2007-05-01 06:22:00 	 Week day: Tuesday  
 This Car can drive around 
 ----------------------------------------------------------------- 

Car plate: 9319 
 Date: 2017-04-07 16:38:00 	 Week day: Friday  
 This Car cannot drive around 
 ----------------------------------------------------------------- 

Car plate: 5788 
 Date: 2003-11-25 23:21:00 	 Week day: Tuesday  
 This Car can drive around 
 ----------------------------------------------------------------- 

Car plate: 9269 
 Date: 2011-03-31 09:41:00 	 Week day: Thursday  
 This Car can drive around 
 ----------------------------------------------------------------- 

Car plate: 2301 
 Date: 2005-09-06 17:58:00 	 Week day: Tuesday  
 This Car can drive around 
 ----------------------------------------------------------------- 

Car plate: 2715 
 Date: 2002-02-20 07:05:00 	 Week day: Wednesday  
 This Car cannot drive around 
 ----------------------------------------------------------------- 

Car plate: 3764 
 Date: 2018-07-04 05:32:00 	 Week day: Wednesday  
 This Car can drive around 
 ----------------------------------------------------------------- 

Car plate: 8812 
 Date: 2016-10-23 07:54:00 	 Week day: Sunday  
 This Car can drive around 
 ----------------------------------------------------------------- 

Car plate: 9314 
 Date: 2009-08-02 12:32:00 	 Week day: Sunday  
 This Car can drive around 
 ----------------------------------------------------------------- 

Car plate: 5566 
 Date: 2012-07-29 17:17:00 	 Week day: Sunday  
 This Car can drive around 
 ----------------------------------------------------------------- 

Car plate: 7828 
 Date: 2001-08-10 00:54:00 	 Week day: Friday  
 This Car can drive around 
 ----------------------------------------------------------------- 

Car plate: 984 
 Date: 2017-01-10 20:53:00 	 Week day: Tuesday  
 This Car can drive around 
 ----------------------------------------------------------------- 

Car plate: 8056 
 Date: 2016-08-03 23:12:00 	 Week day: Wednesday  
 This Car can drive around 
 ----------------------------------------------------------------- 

Car plate: 5170 
 Date: 2016-07-13 05:46:00 	 Week day: Wednesday  
 This Car can drive around 
 ----------------------------------------------------------------- 

Car plate: 677 
 Date: 2014-01-03 06:58:00 	 Week day: Friday  
 This Car can drive around 
 ----------------------------------------------------------------- 

Car plate: 3079 
 Date: 2017-04-21 15:41:00 	 Week day: Friday  
 This Car can drive around 
 ----------------------------------------------------------------- 

Car plate: 6736 
 Date: 2014-04-05 19:45:00 	 Week day: Saturday  
 This Car can drive around 
 ----------------------------------------------------------------- 

Car plate: 9042 
 Date: 2008-12-06 19:00:00 	 Week day: Saturday  
 This Car cannot drive around 
 ----------------------------------------------------------------- 

Car plate: 9403 
 Date: 2008-09-13 06:31:00 	 Week day: Saturday  
 This Car can drive around 
 ----------------------------------------------------------------- 

Car plate: 9887 
 Date: 2016-03-05 03:24:00 	 Week day: Saturday  
 This Car can drive around 
 ----------------------------------------------------------------- 

Car plate: 6686 
 Date: 2007-03-27 18:56:00 	 Week day: Tuesday  
 This Car can drive around 
 ----------------------------------------------------------------- 

Car plate: 8819 
 Date: 2003-11-07 14:56:00 	 Week day: Friday  
 This Car can drive around 
 ----------------------------------------------------------------- 

Car plate: 1059 
 Date: 2016-01-02 11:24:00 	 Week day: Saturday  
 This Car can drive around 
 ----------------------------------------------------------------- 

Car plate: 956 
 Date: 2019-09-17 05:40:00 	 Week day: Tuesday  
 This Car can drive around 
 ----------------------------------------------------------------- 

Car plate: 4842 
 Date: 2012-10-30 18:07:00 	 Week day: Tuesday  
 This Car can drive around 
 ----------------------------------------------------------------- 

Car plate: 2849 
 Date: 2018-08-11 05:18:00 	 Week day: Saturday  
 This Car can drive around 
 ----------------------------------------------------------------- 

Car plate: 7840 
 Date: 2007-08-31 15:39:00 	 Week day: Friday  
 This Car can drive around 
 ----------------------------------------------------------------- 

Car plate: 2631 
 Date: 2013-08-30 00:09:00 	 Week day: Friday  
 This Car can drive around 
 ----------------------------------------------------------------- 

Car plate: 5391 
 Date: 2016-05-09 09:58:00 	 Week day: Monday  
 This Car can drive around 
 ----------------------------------------------------------------- 

Car plate: 9918 
 Date: 2004-08-03 04:13:00 	 Week day: Tuesday  
 This Car can drive around 
 ----------------------------------------------------------------- 

Car plate: 3363 
 Date: 2016-12-12 05:03:00 	 Week day: Monday  
 This Car can drive around 
 ----------------------------------------------------------------- 

Car plate: 1647 
 Date: 2019-10-01 00:49:00 	 Week day: Tuesday  
 This Car can drive around 
 ----------------------------------------------------------------- 

Car plate: 2589 
 Date: 2017-12-01 14:09:00 	 Week day: Friday  
 This Car can drive around 
 ----------------------------------------------------------------- 

Car plate: 2973 
 Date: 2005-06-15 16:01:00 	 Week day: Wednesday  
 This Car can drive around 
 ----------------------------------------------------------------- 

Car plate: 861 
 Date: 2014-04-10 08:46:00 	 Week day: Thursday  
 This Car can drive around 
 ----------------------------------------------------------------- 

Car plate: 6738 
 Date: 2018-07-23 19:12:00 	 Week day: Monday  
 This Car can drive around 
 ----------------------------------------------------------------- 

Car plate: 8931 
 Date: 2015-03-29 19:36:00 	 Week day: Sunday  
 This Car can drive around 
 ----------------------------------------------------------------- 

Car plate: 5827 
 Date: 2011-10-19 19:26:00 	 Week day: Wednesday  
 This Car can drive around 
 ----------------------------------------------------------------- 

Car plate: 1935 
 Date: 2009-09-11 21:31:00 	 Week day: Friday  
 This Car can drive around 
 ----------------------------------------------------------------- 

Car plate: 7194 
 Date: 2008-03-25 06:53:00 	 Week day: Tuesday  
 This Car can drive around 
 ----------------------------------------------------------------- 

Car plate: 8213 
 Date: 2001-05-28 21:59:00 	 Week day: Monday  
 This Car can drive around 
 ----------------------------------------------------------------- 

Car plate: 198 
 Date: 2008-04-23 16:07:00 	 Week day: Wednesday  
 This Car can drive around 
 ----------------------------------------------------------------- 

Car plate: 9904 
 Date: 2010-10-30 13:29:00 	 Week day: Saturday  
 This Car can drive around 
 ----------------------------------------------------------------- 

Car plate: 8830 
 Date: 2003-09-15 01:44:00 	 Week day: Monday  
 This Car can drive around 
 ----------------------------------------------------------------- 

Car plate: 8999 
 Date: 2013-01-30 13:26:00 	 Week day: Wednesday  
 This Car can drive around 
 ----------------------------------------------------------------- 

Car plate: 4350 
 Date: 2007-09-04 13:06:00 	 Week day: Tuesday  
 This Car can drive around 
 ----------------------------------------------------------------- 

Car plate: 7065 
 Date: 2003-08-22 02:44:00 	 Week day: Friday  
 This Car can drive around 
 ----------------------------------------------------------------- 

Car plate: 8453 
 Date: 2012-02-25 21:38:00 	 Week day: Saturday  
 This Car can drive around 
 ----------------------------------------------------------------- 

Car plate: 6078 
 Date: 2007-04-06 14:59:00 	 Week day: Friday  
 This Car can drive around 
 ----------------------------------------------------------------- 

Car plate: 9908 
 Date: 2008-07-27 14:36:00 	 Week day: Sunday  
 This Car can drive around 
 ----------------------------------------------------------------- 

Car plate: 7061 
 Date: 2017-03-17 05:41:00 	 Week day: Friday  
 This Car can drive around 
 ----------------------------------------------------------------- 

Car plate: 6469 
 Date: 2006-12-18 14:07:00 	 Week day: Monday  
 This Car can drive around 
 ----------------------------------------------------------------- 

Car plate: 9387 
 Date: 2002-01-11 12:45:00 	 Week day: Friday  
 This Car can drive around 
 ----------------------------------------------------------------- 

Car plate: 5266 
 Date: 2001-12-19 06:10:00 	 Week day: Wednesday  
 This Car can drive around 
 ----------------------------------------------------------------- 

Car plate: 6942 
 Date: 2014-10-31 23:15:00 	 Week day: Friday  
 This Car can drive around 
 ----------------------------------------------------------------- 

Car plate: 3924 
 Date: 2019-08-03 01:37:00 	 Week day: Saturday  
 This Car can drive around 
 ----------------------------------------------------------------- 

Car plate: 2407 
 Date: 2001-05-13 10:42:00 	 Week day: Sunday  
 This Car can drive around 
 ----------------------------------------------------------------- 

Car plate: 7097 
 Date: 2015-12-11 05:03:00 	 Week day: Friday  
 This Car can drive around 
 ----------------------------------------------------------------- 

Car plate: 7643 
 Date: 2009-10-31 06:44:00 	 Week day: Saturday  
 This Car can drive around 
 ----------------------------------------------------------------- 

Car plate: 362 
 Date: 2008-02-21 22:00:00 	 Week day: Thursday  
 This Car can drive around 
 ----------------------------------------------------------------- 

Car plate: 2938 
 Date: 2011-04-26 19:47:00 	 Week day: Tuesday  
 This Car can drive around 
 ----------------------------------------------------------------- 

Car plate: 1576 
 Date: 2008-09-15 06:09:00 	 Week day: Monday  
 This Car can drive around 
 ----------------------------------------------------------------- 

Car plate: 29 
 Date: 2017-11-24 13:44:00 	 Week day: Friday  
 This Car can drive around 
 ----------------------------------------------------------------- 

Car plate: 9040 
 Date: 2010-09-21 21:13:00 	 Week day: Tuesday  
 This Car can drive around 
 ----------------------------------------------------------------- 

Car plate: 269 
 Date: 2006-04-06 16:06:00 	 Week day: Thursday  
 This Car can drive around 
 ----------------------------------------------------------------- 

Car plate: 6745 
 Date: 2003-04-08 08:39:00 	 Week day: Tuesday  
 This Car can drive around 
 ----------------------------------------------------------------- 

Car plate: 5859 
 Date: 2006-06-20 21:01:00 	 Week day: Tuesday  
 This Car can drive around 
 ----------------------------------------------------------------- 

Car plate: 4792 
 Date: 2012-04-24 21:07:00 	 Week day: Tuesday  
 This Car can drive around 
 ----------------------------------------------------------------- 

Car plate: 4389 
 Date: 2012-06-15 09:38:00 	 Week day: Friday  
 This Car can drive around 
 ----------------------------------------------------------------- 

Car plate: 5341 
 Date: 2019-05-21 14:40:00 	 Week day: Tuesday  
 This Car can drive around 
 ----------------------------------------------------------------- 

Car plate: 4791 
 Date: 2007-09-11 18:03:00 	 Week day: Tuesday  
 This Car can drive around 
 ----------------------------------------------------------------- 

Car plate: 9020 
 Date: 2009-10-01 11:16:00 	 Week day: Thursday  
 This Car can drive around 
 ----------------------------------------------------------------- 

Car plate: 5124 
 Date: 2019-10-15 06:27:00 	 Week day: Tuesday  
 This Car can drive around 
 ----------------------------------------------------------------- 

Car plate: 3998 
 Date: 2004-09-29 07:20:00 	 Week day: Wednesday  
 This Car can drive around 
 ----------------------------------------------------------------- 

Car plate: 1267 
 Date: 2012-12-08 07:55:00 	 Week day: Saturday  
 This Car can drive around 
 ----------------------------------------------------------------- 

Car plate: 8752 
 Date: 2016-11-29 15:30:00 	 Week day: Tuesday  
 This Car can drive around 
 ----------------------------------------------------------------- 

Car plate: 2489 
 Date: 2000-01-17 09:48:00 	 Week day: Monday  
 This Car can drive around 
 ----------------------------------------------------------------- 

Car plate: 7717 
 Date: 2002-09-26 15:28:00 	 Week day: Thursday  
 This Car can drive around 
 ----------------------------------------------------------------- 

Car plate: 1613 
 Date: 2010-11-19 12:43:00 	 Week day: Friday  
 This Car can drive around 
 ----------------------------------------------------------------- 

Car plate: 250 
 Date: 2001-05-02 16:56:00 	 Week day: Wednesday  
 This Car can drive around 
 ----------------------------------------------------------------- 

Car plate: 7504 
 Date: 2008-01-08 02:18:00 	 Week day: Tuesday  
 This Car can drive around 
 ----------------------------------------------------------------- 

Car plate: 7656 
 Date: 2000-04-25 17:37:00 	 Week day: Tuesday  
 This Car can drive around 
 ----------------------------------------------------------------- 

Car plate: 6761 
 Date: 2018-11-19 05:15:00 	 Week day: Monday  
 This Car can drive around 
 ----------------------------------------------------------------- 

Car plate: 9089 
 Date: 2001-07-16 03:56:00 	 Week day: Monday  
 This Car can drive around 
 ----------------------------------------------------------------- 

Car plate: 6054 
 Date: 2001-07-16 17:43:00 	 Week day: Monday  
 This Car can drive around 
 ----------------------------------------------------------------- 

Car plate: 1935 
 Date: 2010-02-24 07:24:00 	 Week day: Wednesday  
 This Car cannot drive around 
 ----------------------------------------------------------------- 

Car plate: 2448 
 Date: 2007-09-02 21:07:00 	 Week day: Sunday  
 This Car can drive around 
 ----------------------------------------------------------------- 

Car plate: 4910 
 Date: 2016-04-06 15:57:00 	 Week day: Wednesday  
 This Car can drive around 
 ----------------------------------------------------------------- 

Car plate: 6082 
 Date: 2001-03-05 22:30:00 	 Week day: Monday  
 This Car can drive around 
 ----------------------------------------------------------------- 

Car plate: 2934 
 Date: 2003-12-25 13:58:00 	 Week day: Thursday  
 This Car can drive around 
 ----------------------------------------------------------------- 

Car plate: 4315 
 Date: 2009-04-07 19:57:00 	 Week day: Tuesday  
 This Car can drive around 
 ----------------------------------------------------------------- 

